The system is: Darwin - 19.3.0 - x86_64
Compiling the C compiler identification source file "CMakeCCompilerId.c" succeeded.
Compiler:  
Build flags: 
Id flags:  

The output was:
0
note: Using new build system
note: Planning build
note: Constructing build description
warning: Traditional headermap style is no longer supported; please migrate to using separate headermaps and set 'ALWAYS_SEARCH_USER_PATHS' to NO. (in target 'CompilerIdC' from project 'CompilerIdC')
CreateBuildDirectory /Users/admin/Downloads/freetype2-master/cmakeProj/CMakeFiles/3.17.1/CompilerIdC (in target 'CompilerIdC' from project 'CompilerIdC')
    cd /Users/admin/Downloads/freetype2-master/cmakeProj/CMakeFiles/3.17.1/CompilerIdC
    builtin-create-build-directory /Users/admin/Downloads/freetype2-master/cmakeProj/CMakeFiles/3.17.1/CompilerIdC

WriteAuxiliaryFile /Users/admin/Downloads/freetype2-master/cmakeProj/CMakeFiles/3.17.1/CompilerIdC/CompilerIdC.build/Debug/CompilerIdC.build/all-product-headers.yaml (in target 'CompilerIdC' from project 'CompilerIdC')
    cd /Users/admin/Downloads/freetype2-master/cmakeProj/CMakeFiles/3.17.1/CompilerIdC
    write-file /Users/admin/Downloads/freetype2-master/cmakeProj/CMakeFiles/3.17.1/CompilerIdC/CompilerIdC.build/Debug/CompilerIdC.build/all-product-headers.yaml

WriteAuxiliaryFile /Users/admin/Downloads/freetype2-master/cmakeProj/CMakeFiles/3.17.1/CompilerIdC/CompilerIdC.build/Debug/CompilerIdC.build/CompilerIdC-own-target-headers.hmap (in target 'CompilerIdC' from project 'CompilerIdC')
    cd /Users/admin/Downloads/freetype2-master/cmakeProj/CMakeFiles/3.17.1/CompilerIdC
    write-file /Users/admin/Downloads/freetype2-master/cmakeProj/CMakeFiles/3.17.1/CompilerIdC/CompilerIdC.build/Debug/CompilerIdC.build/CompilerIdC-own-target-headers.hmap

WriteAuxiliaryFile /Users/admin/Downloads/freetype2-master/cmakeProj/CMakeFiles/3.17.1/CompilerIdC/CompilerIdC.build/Debug/CompilerIdC.build/CompilerIdC.hmap (in target 'CompilerIdC' from project 'CompilerIdC')
    cd /Users/admin/Downloads/freetype2-master/cmakeProj/CMakeFiles/3.17.1/CompilerIdC
    write-file /Users/admin/Downloads/freetype2-master/cmakeProj/CMakeFiles/3.17.1/CompilerIdC/CompilerIdC.build/Debug/CompilerIdC.build/CompilerIdC.hmap

WriteAuxiliaryFile /Users/admin/Downloads/freetype2-master/cmakeProj/CMakeFiles/3.17.1/CompilerIdC/CompilerIdC.build/Debug/CompilerIdC.build/CompilerIdC-generated-files.hmap (in target 'CompilerIdC' from project 'CompilerIdC')
    cd /Users/admin/Downloads/freetype2-master/cmakeProj/CMakeFiles/3.17.1/CompilerIdC
    write-file /Users/admin/Downloads/freetype2-master/cmakeProj/CMakeFiles/3.17.1/CompilerIdC/CompilerIdC.build/Debug/CompilerIdC.build/CompilerIdC-generated-files.hmap

WriteAuxiliaryFile /Users/admin/Downloads/freetype2-master/cmakeProj/CMakeFiles/3.17.1/CompilerIdC/CompilerIdC.build/Debug/CompilerIdC.build/CompilerIdC-project-headers.hmap (in target 'CompilerIdC' from project 'CompilerIdC')
    cd /Users/admin/Downloads/freetype2-master/cmakeProj/CMakeFiles/3.17.1/CompilerIdC
    write-file /Users/admin/Downloads/freetype2-master/cmakeProj/CMakeFiles/3.17.1/CompilerIdC/CompilerIdC.build/Debug/CompilerIdC.build/CompilerIdC-project-headers.hmap

WriteAuxiliaryFile /Users/admin/Downloads/freetype2-master/cmakeProj/CMakeFiles/3.17.1/CompilerIdC/CompilerIdC.build/Debug/CompilerIdC.build/CompilerIdC-all-non-framework-target-headers.hmap (in target 'CompilerIdC' from project 'CompilerIdC')
    cd /Users/admin/Downloads/freetype2-master/cmakeProj/CMakeFiles/3.17.1/CompilerIdC
    write-file /Users/admin/Downloads/freetype2-master/cmakeProj/CMakeFiles/3.17.1/CompilerIdC/CompilerIdC.build/Debug/CompilerIdC.build/CompilerIdC-all-non-framework-target-headers.hmap

WriteAuxiliaryFile /Users/admin/Downloads/freetype2-master/cmakeProj/CMakeFiles/3.17.1/CompilerIdC/CompilerIdC.build/Debug/CompilerIdC.build/CompilerIdC-all-target-headers.hmap (in target 'CompilerIdC' from project 'CompilerIdC')
    cd /Users/admin/Downloads/freetype2-master/cmakeProj/CMakeFiles/3.17.1/CompilerIdC
    write-file /Users/admin/Downloads/freetype2-master/cmakeProj/CMakeFiles/3.17.1/CompilerIdC/CompilerIdC.build/Debug/CompilerIdC.build/CompilerIdC-all-target-headers.hmap

CompileC /Users/admin/Downloads/freetype2-master/cmakeProj/CMakeFiles/3.17.1/CompilerIdC/CompilerIdC.build/Debug/CompilerIdC.build/Objects-normal/x86_64/CMakeCCompilerId.o /Users/admin/Downloads/freetype2-master/cmakeProj/CMakeFiles/3.17.1/CompilerIdC/CMakeCCompilerId.c normal x86_64 c com.apple.compilers.llvm.clang.1_0.compiler (in target 'CompilerIdC' from project 'CompilerIdC')
    cd /Users/admin/Downloads/freetype2-master/cmakeProj/CMakeFiles/3.17.1/CompilerIdC
    export LANG=en_US.US-ASCII
    /Applications/Xcode.app/Contents/Developer/Toolchains/XcodeDefault.xctoolchain/usr/bin/clang -x c -target x86_64-apple-macos10.15 -fmessage-length=0 -fdiagnostics-show-note-include-stack -fmacro-backtrace-limit=0 -Wno-trigraphs -fpascal-strings -Os -Wno-missing-field-initializers -Wno-missing-prototypes -Wno-return-type -Wno-missing-braces -Wparentheses -Wswitch -Wno-unused-function -Wno-unused-label -Wno-unused-parameter -Wno-unused-variable -Wunused-value -Wno-empty-body -Wno-uninitialized -Wno-unknown-pragmas -Wno-shadow -Wno-four-char-constants -Wno-conversion -Wno-constant-conversion -Wno-int-conversion -Wno-bool-conversion -Wno-enum-conversion -Wno-float-conversion -Wno-non-literal-null-conversion -Wno-objc-literal-conversion -Wno-shorten-64-to-32 -Wpointer-sign -Wno-newline-eof -isysroot /Applications/Xcode.app/Contents/Developer/Platforms/MacOSX.platform/Developer/SDKs/MacOSX10.15.sdk -fasm-blocks -fstrict-aliasing -Wdeprecated-declarations -g -fvisibility=hidden -Wno-sign-conversion -Wno-infinite-recursion -Wno-comma -Wno-block-capture-autoreleasing -Wno-strict-prototypes -Wno-semicolon-before-method-body -iquote /Users/admin/Downloads/freetype2-master/cmakeProj/CMakeFiles/3.17.1/CompilerIdC/CompilerIdC.build/Debug/CompilerIdC.build/CompilerIdC-generated-files.hmap -I/Users/admin/Downloads/freetype2-master/cmakeProj/CMakeFiles/3.17.1/CompilerIdC/CompilerIdC.build/Debug/CompilerIdC.build/CompilerIdC-own-target-headers.hmap -I/Users/admin/Downloads/freetype2-master/cmakeProj/CMakeFiles/3.17.1/CompilerIdC/CompilerIdC.build/Debug/CompilerIdC.build/CompilerIdC-all-target-headers.hmap -iquote /Users/admin/Downloads/freetype2-master/cmakeProj/CMakeFiles/3.17.1/CompilerIdC/CompilerIdC.build/Debug/CompilerIdC.build/CompilerIdC-project-headers.hmap -I/Users/admin/Downloads/freetype2-master/cmakeProj/CMakeFiles/3.17.1/CompilerIdC/include -I/Users/admin/Downloads/freetype2-master/cmakeProj/CMakeFiles/3.17.1/CompilerIdC/CompilerIdC.build/Debug/CompilerIdC.build/DerivedSources-normal/x86_64 -I/Users/admin/Downloads/freetype2-master/cmakeProj/CMakeFiles/3.17.1/CompilerIdC/CompilerIdC.build/Debug/CompilerIdC.build/DerivedSources/x86_64 -I/Users/admin/Downloads/freetype2-master/cmakeProj/CMakeFiles/3.17.1/CompilerIdC/CompilerIdC.build/Debug/CompilerIdC.build/DerivedSources -F/Users/admin/Downloads/freetype2-master/cmakeProj/CMakeFiles/3.17.1/CompilerIdC -MMD -MT dependencies -MF /Users/admin/Downloads/freetype2-master/cmakeProj/CMakeFiles/3.17.1/CompilerIdC/CompilerIdC.build/Debug/CompilerIdC.build/Objects-normal/x86_64/CMakeCCompilerId.d --serialize-diagnostics /Users/admin/Downloads/freetype2-master/cmakeProj/CMakeFiles/3.17.1/CompilerIdC/CompilerIdC.build/Debug/CompilerIdC.build/Objects-normal/x86_64/CMakeCCompilerId.dia -c /Users/admin/Downloads/freetype2-master/cmakeProj/CMakeFiles/3.17.1/CompilerIdC/CMakeCCompilerId.c -o /Users/admin/Downloads/freetype2-master/cmakeProj/CMakeFiles/3.17.1/CompilerIdC/CompilerIdC.build/Debug/CompilerIdC.build/Objects-normal/x86_64/CMakeCCompilerId.o

WriteAuxiliaryFile /Users/admin/Downloads/freetype2-master/cmakeProj/CMakeFiles/3.17.1/CompilerIdC/CompilerIdC.build/Debug/CompilerIdC.build/Objects-normal/x86_64/CompilerIdC.LinkFileList (in target 'CompilerIdC' from project 'CompilerIdC')
    cd /Users/admin/Downloads/freetype2-master/cmakeProj/CMakeFiles/3.17.1/CompilerIdC
    write-file /Users/admin/Downloads/freetype2-master/cmakeProj/CMakeFiles/3.17.1/CompilerIdC/CompilerIdC.build/Debug/CompilerIdC.build/Objects-normal/x86_64/CompilerIdC.LinkFileList

Ld /Users/admin/Downloads/freetype2-master/cmakeProj/CMakeFiles/3.17.1/CompilerIdC/CompilerIdC normal x86_64 (in target 'CompilerIdC' from project 'CompilerIdC')
    cd /Users/admin/Downloads/freetype2-master/cmakeProj/CMakeFiles/3.17.1/CompilerIdC
    /Applications/Xcode.app/Contents/Developer/Toolchains/XcodeDefault.xctoolchain/usr/bin/clang -target x86_64-apple-macos10.15 -isysroot /Applications/Xcode.app/Contents/Developer/Platforms/MacOSX.platform/Developer/SDKs/MacOSX10.15.sdk -L/Users/admin/Downloads/freetype2-master/cmakeProj/CMakeFiles/3.17.1/CompilerIdC -F/Users/admin/Downloads/freetype2-master/cmakeProj/CMakeFiles/3.17.1/CompilerIdC -filelist /Users/admin/Downloads/freetype2-master/cmakeProj/CMakeFiles/3.17.1/CompilerIdC/CompilerIdC.build/Debug/CompilerIdC.build/Objects-normal/x86_64/CompilerIdC.LinkFileList -Xlinker -object_path_lto -Xlinker /Users/admin/Downloads/freetype2-master/cmakeProj/CMakeFiles/3.17.1/CompilerIdC/CompilerIdC.build/Debug/CompilerIdC.build/Objects-normal/x86_64/CompilerIdC_lto.o -Xlinker -dependency_info -Xlinker /Users/admin/Downloads/freetype2-master/cmakeProj/CMakeFiles/3.17.1/CompilerIdC/CompilerIdC.build/Debug/CompilerIdC.build/Objects-normal/x86_64/CompilerIdC_dependency_info.dat -o /Users/admin/Downloads/freetype2-master/cmakeProj/CMakeFiles/3.17.1/CompilerIdC/CompilerIdC

WriteAuxiliaryFile /Users/admin/Downloads/freetype2-master/cmakeProj/CMakeFiles/3.17.1/CompilerIdC/CompilerIdC.build/Debug/CompilerIdC.build/Script-2C8FEB8E15DC1A1A00E56A5D.sh (in target 'CompilerIdC' from project 'CompilerIdC')
    cd /Users/admin/Downloads/freetype2-master/cmakeProj/CMakeFiles/3.17.1/CompilerIdC
    write-file /Users/admin/Downloads/freetype2-master/cmakeProj/CMakeFiles/3.17.1/CompilerIdC/CompilerIdC.build/Debug/CompilerIdC.build/Script-2C8FEB8E15DC1A1A00E56A5D.sh

PhaseScriptExecution Run\ Script /Users/admin/Downloads/freetype2-master/cmakeProj/CMakeFiles/3.17.1/CompilerIdC/CompilerIdC.build/Debug/CompilerIdC.build/Script-2C8FEB8E15DC1A1A00E56A5D.sh (in target 'CompilerIdC' from project 'CompilerIdC')
    cd /Users/admin/Downloads/freetype2-master/cmakeProj/CMakeFiles/3.17.1/CompilerIdC
    /bin/sh -c /Users/admin/Downloads/freetype2-master/cmakeProj/CMakeFiles/3.17.1/CompilerIdC/CompilerIdC.build/Debug/CompilerIdC.build/Script-2C8FEB8E15DC1A1A00E56A5D.sh
GCC_VERSION=com.apple.compilers.llvm.clang.1_0
ARCHS=x86_64

RegisterExecutionPolicyException /Users/admin/Downloads/freetype2-master/cmakeProj/CMakeFiles/3.17.1/CompilerIdC/CompilerIdC (in target 'CompilerIdC' from project 'CompilerIdC')
    cd /Users/admin/Downloads/freetype2-master/cmakeProj/CMakeFiles/3.17.1/CompilerIdC
    builtin-RegisterExecutionPolicyException /Users/admin/Downloads/freetype2-master/cmakeProj/CMakeFiles/3.17.1/CompilerIdC/CompilerIdC
note: Execution policy exception registration failed and was skipped: Error Domain=NSPOSIXErrorDomain Code=1 "Operation not permitted" (in target 'CompilerIdC' from project 'CompilerIdC')

** BUILD SUCCEEDED **



Compilation of the C compiler identification source "CMakeCCompilerId.c" produced "CompilerIdC"

The C compiler identification is AppleClang, found in "/Users/admin/Downloads/freetype2-master/cmakeProj/CMakeFiles/3.17.1/CompilerIdC/CompilerIdC"

Determining if the C compiler works passed with the following output:
Change Dir: /Users/admin/Downloads/freetype2-master/cmakeProj/CMakeFiles/CMakeTmp

Run Build Command(s):/usr/bin/xcodebuild -project CMAKE_TRY_COMPILE.xcodeproj build -target cmTC_86f51 -configuration Debug -hideShellScriptEnvironment && User defaults from command line:
    HideShellScriptEnvironment = YES

Prepare build
note: Using legacy build system
=== BUILD TARGET cmTC_86f51 OF PROJECT CMAKE_TRY_COMPILE WITH CONFIGURATION Debug ===

Check dependencies

Write auxiliary files
/bin/mkdir -p /Users/admin/Downloads/freetype2-master/cmakeProj/CMakeFiles/CMakeTmp/CMAKE_TRY_COMPILE.build/Debug/cmTC_86f51.build/Objects-normal/x86_64
write-file /Users/admin/Downloads/freetype2-master/cmakeProj/CMakeFiles/CMakeTmp/CMAKE_TRY_COMPILE.build/Debug/cmTC_86f51.build/Objects-normal/x86_64/cmTC_86f51.LinkFileList

CompileC CMAKE_TRY_COMPILE.build/Debug/cmTC_86f51.build/Objects-normal/x86_64/testCCompiler.o testCCompiler.c normal x86_64 c com.apple.compilers.llvm.clang.1_0.compiler
    cd /Users/admin/Downloads/freetype2-master/cmakeProj/CMakeFiles/CMakeTmp
    /Applications/Xcode.app/Contents/Developer/Toolchains/XcodeDefault.xctoolchain/usr/bin/clang -x c -target x86_64-apple-macos10.15 -fmessage-length=0 -fdiagnostics-show-note-include-stack -fmacro-backtrace-limit=0 -Wno-trigraphs -fpascal-strings -O0 -Wno-missing-field-initializers -Wno-missing-prototypes -Wno-return-type -Wno-missing-braces -Wparentheses -Wswitch -Wno-unused-function -Wno-unused-label -Wno-unused-parameter -Wno-unused-variable -Wunused-value -Wno-empty-body -Wno-uninitialized -Wno-unknown-pragmas -Wno-shadow -Wno-four-char-constants -Wno-conversion -Wno-constant-conversion -Wno-int-conversion -Wno-bool-conversion -Wno-enum-conversion -Wno-float-conversion -Wno-non-literal-null-conversion -Wno-objc-literal-conversion -Wno-shorten-64-to-32 -Wpointer-sign -Wno-newline-eof -DCMAKE_INTDIR=\"Debug\" -isysroot /Applications/Xcode.app/Contents/Developer/Platforms/MacOSX.platform/Developer/SDKs/MacOSX10.15.sdk -fasm-blocks -fstrict-aliasing -Wdeprecated-declarations -g -Wno-sign-conversion -Wno-infinite-recursion -Wno-comma -Wno-block-capture-autoreleasing -Wno-strict-prototypes -Wno-semicolon-before-method-body -I/Users/admin/Downloads/freetype2-master/cmakeProj/CMakeFiles/CMakeTmp/Debug/include -I/Users/admin/Downloads/freetype2-master/cmakeProj/CMakeFiles/CMakeTmp/CMAKE_TRY_COMPILE.build/Debug/cmTC_86f51.build/DerivedSources-normal/x86_64 -I/Users/admin/Downloads/freetype2-master/cmakeProj/CMakeFiles/CMakeTmp/CMAKE_TRY_COMPILE.build/Debug/cmTC_86f51.build/DerivedSources/x86_64 -I/Users/admin/Downloads/freetype2-master/cmakeProj/CMakeFiles/CMakeTmp/CMAKE_TRY_COMPILE.build/Debug/cmTC_86f51.build/DerivedSources -F/Users/admin/Downloads/freetype2-master/cmakeProj/CMakeFiles/CMakeTmp/Debug -MMD -MT dependencies -MF /Users/admin/Downloads/freetype2-master/cmakeProj/CMakeFiles/CMakeTmp/CMAKE_TRY_COMPILE.build/Debug/cmTC_86f51.build/Objects-normal/x86_64/testCCompiler.d --serialize-diagnostics /Users/admin/Downloads/freetype2-master/cmakeProj/CMakeFiles/CMakeTmp/CMAKE_TRY_COMPILE.build/Debug/cmTC_86f51.build/Objects-normal/x86_64/testCCompiler.dia -c /Users/admin/Downloads/freetype2-master/cmakeProj/CMakeFiles/CMakeTmp/testCCompiler.c -o /Users/admin/Downloads/freetype2-master/cmakeProj/CMakeFiles/CMakeTmp/CMAKE_TRY_COMPILE.build/Debug/cmTC_86f51.build/Objects-normal/x86_64/testCCompiler.o

Ld Debug/cmTC_86f51 normal x86_64
    cd /Users/admin/Downloads/freetype2-master/cmakeProj/CMakeFiles/CMakeTmp
    /Applications/Xcode.app/Contents/Developer/Toolchains/XcodeDefault.xctoolchain/usr/bin/clang -target x86_64-apple-macos10.15 -isysroot /Applications/Xcode.app/Contents/Developer/Platforms/MacOSX.platform/Developer/SDKs/MacOSX10.15.sdk -L/Users/admin/Downloads/freetype2-master/cmakeProj/CMakeFiles/CMakeTmp/Debug -F/Users/admin/Downloads/freetype2-master/cmakeProj/CMakeFiles/CMakeTmp/Debug -filelist /Users/admin/Downloads/freetype2-master/cmakeProj/CMakeFiles/CMakeTmp/CMAKE_TRY_COMPILE.build/Debug/cmTC_86f51.build/Objects-normal/x86_64/cmTC_86f51.LinkFileList -Xlinker -object_path_lto -Xlinker /Users/admin/Downloads/freetype2-master/cmakeProj/CMakeFiles/CMakeTmp/CMAKE_TRY_COMPILE.build/Debug/cmTC_86f51.build/Objects-normal/x86_64/cmTC_86f51_lto.o -Xlinker -no_deduplicate -Wl,-search_paths_first -Wl,-headerpad_max_install_names -Xlinker -dependency_info -Xlinker /Users/admin/Downloads/freetype2-master/cmakeProj/CMakeFiles/CMakeTmp/CMAKE_TRY_COMPILE.build/Debug/cmTC_86f51.build/Objects-normal/x86_64/cmTC_86f51_dependency_info.dat -o /Users/admin/Downloads/freetype2-master/cmakeProj/CMakeFiles/CMakeTmp/Debug/cmTC_86f51

ProcessProductPackaging "" CMAKE_TRY_COMPILE.build/Debug/cmTC_86f51.build/cmTC_86f51.xcent
    cd /Users/admin/Downloads/freetype2-master/cmakeProj/CMakeFiles/CMakeTmp
    

Entitlements:

{
    "com.apple.security.get-task-allow" = 1;
}


    builtin-productPackagingUtility -entitlements -format xml -o /Users/admin/Downloads/freetype2-master/cmakeProj/CMakeFiles/CMakeTmp/CMAKE_TRY_COMPILE.build/Debug/cmTC_86f51.build/cmTC_86f51.xcent

CodeSign Debug/cmTC_86f51
    cd /Users/admin/Downloads/freetype2-master/cmakeProj/CMakeFiles/CMakeTmp
    
Signing Identity:     "-"

    /usr/bin/codesign --force --sign - --entitlements /Users/admin/Downloads/freetype2-master/cmakeProj/CMakeFiles/CMakeTmp/CMAKE_TRY_COMPILE.build/Debug/cmTC_86f51.build/cmTC_86f51.xcent --timestamp=none /Users/admin/Downloads/freetype2-master/cmakeProj/CMakeFiles/CMakeTmp/Debug/cmTC_86f51

** BUILD SUCCEEDED **




Detecting C compiler ABI info compiled with the following output:
Change Dir: /Users/admin/Downloads/freetype2-master/cmakeProj/CMakeFiles/CMakeTmp

Run Build Command(s):/usr/bin/xcodebuild -project CMAKE_TRY_COMPILE.xcodeproj build -target cmTC_ae8a7 -configuration Debug -hideShellScriptEnvironment && User defaults from command line:
    HideShellScriptEnvironment = YES

Prepare build
note: Using legacy build system
=== BUILD TARGET cmTC_ae8a7 OF PROJECT CMAKE_TRY_COMPILE WITH CONFIGURATION Debug ===

Check dependencies

Write auxiliary files
/bin/mkdir -p /Users/admin/Downloads/freetype2-master/cmakeProj/CMakeFiles/CMakeTmp/CMAKE_TRY_COMPILE.build/Debug/cmTC_ae8a7.build/Objects-normal/x86_64
write-file /Users/admin/Downloads/freetype2-master/cmakeProj/CMakeFiles/CMakeTmp/CMAKE_TRY_COMPILE.build/Debug/cmTC_ae8a7.build/Objects-normal/x86_64/cmTC_ae8a7.LinkFileList

CompileC CMAKE_TRY_COMPILE.build/Debug/cmTC_ae8a7.build/Objects-normal/x86_64/CMakeCCompilerABI.o /usr/local/Cellar/cmake/3.17.1/share/cmake/Modules/CMakeCCompilerABI.c normal x86_64 c com.apple.compilers.llvm.clang.1_0.compiler
    cd /Users/admin/Downloads/freetype2-master/cmakeProj/CMakeFiles/CMakeTmp
    /Applications/Xcode.app/Contents/Developer/Toolchains/XcodeDefault.xctoolchain/usr/bin/clang -x c -target x86_64-apple-macos10.15 -fmessage-length=0 -fdiagnostics-show-note-include-stack -fmacro-backtrace-limit=0 -Wno-trigraphs -fpascal-strings -O0 -Wno-missing-field-initializers -Wno-missing-prototypes -Wno-return-type -Wno-missing-braces -Wparentheses -Wswitch -Wno-unused-function -Wno-unused-label -Wno-unused-parameter -Wno-unused-variable -Wunused-value -Wno-empty-body -Wno-uninitialized -Wno-unknown-pragmas -Wno-shadow -Wno-four-char-constants -Wno-conversion -Wno-constant-conversion -Wno-int-conversion -Wno-bool-conversion -Wno-enum-conversion -Wno-float-conversion -Wno-non-literal-null-conversion -Wno-objc-literal-conversion -Wno-shorten-64-to-32 -Wpointer-sign -Wno-newline-eof -DCMAKE_INTDIR=\"Debug\" -isysroot /Applications/Xcode.app/Contents/Developer/Platforms/MacOSX.platform/Developer/SDKs/MacOSX10.15.sdk -fasm-blocks -fstrict-aliasing -Wdeprecated-declarations -g -Wno-sign-conversion -Wno-infinite-recursion -Wno-comma -Wno-block-capture-autoreleasing -Wno-strict-prototypes -Wno-semicolon-before-method-body -I/Users/admin/Downloads/freetype2-master/cmakeProj/CMakeFiles/CMakeTmp/Debug/include -I/Users/admin/Downloads/freetype2-master/cmakeProj/CMakeFiles/CMakeTmp/CMAKE_TRY_COMPILE.build/Debug/cmTC_ae8a7.build/DerivedSources-normal/x86_64 -I/Users/admin/Downloads/freetype2-master/cmakeProj/CMakeFiles/CMakeTmp/CMAKE_TRY_COMPILE.build/Debug/cmTC_ae8a7.build/DerivedSources/x86_64 -I/Users/admin/Downloads/freetype2-master/cmakeProj/CMakeFiles/CMakeTmp/CMAKE_TRY_COMPILE.build/Debug/cmTC_ae8a7.build/DerivedSources -F/Users/admin/Downloads/freetype2-master/cmakeProj/CMakeFiles/CMakeTmp/Debug -v -Wl,-v -MMD -MT dependencies -MF /Users/admin/Downloads/freetype2-master/cmakeProj/CMakeFiles/CMakeTmp/CMAKE_TRY_COMPILE.build/Debug/cmTC_ae8a7.build/Objects-normal/x86_64/CMakeCCompilerABI.d --serialize-diagnostics /Users/admin/Downloads/freetype2-master/cmakeProj/CMakeFiles/CMakeTmp/CMAKE_TRY_COMPILE.build/Debug/cmTC_ae8a7.build/Objects-normal/x86_64/CMakeCCompilerABI.dia -c /usr/local/Cellar/cmake/3.17.1/share/cmake/Modules/CMakeCCompilerABI.c -o /Users/admin/Downloads/freetype2-master/cmakeProj/CMakeFiles/CMakeTmp/CMAKE_TRY_COMPILE.build/Debug/cmTC_ae8a7.build/Objects-normal/x86_64/CMakeCCompilerABI.o
Apple clang version 11.0.0 (clang-1100.0.33.17)
Target: x86_64-apple-macos10.15
Thread model: posix
InstalledDir: /Applications/Xcode.app/Contents/Developer/Toolchains/XcodeDefault.xctoolchain/usr/bin
clang: warning: -Wl,-v: 'linker' input unused [-Wunused-command-line-argument]
 "/Applications/Xcode.app/Contents/Developer/Toolchains/XcodeDefault.xctoolchain/usr/bin/clang" -cc1 -triple x86_64-apple-macosx10.15.0 -Wdeprecated-objc-isa-usage -Werror=deprecated-objc-isa-usage -emit-obj -mrelax-all -disable-free -disable-llvm-verifier -discard-value-names -main-file-name CMakeCCompilerABI.c -mrelocation-model pic -pic-level 2 -mthread-model posix -mdisable-fp-elim -fno-strict-return -masm-verbose -munwind-tables -target-sdk-version=10.15 -target-cpu penryn -dwarf-column-info -debug-info-kind=standalone -dwarf-version=4 -debugger-tuning=lldb -ggnu-pubnames -target-linker-version 530 -v -coverage-notes-file /Users/admin/Downloads/freetype2-master/cmakeProj/CMakeFiles/CMakeTmp/CMAKE_TRY_COMPILE.build/Debug/cmTC_ae8a7.build/Objects-normal/x86_64/CMakeCCompilerABI.gcno -resource-dir /Applications/Xcode.app/Contents/Developer/Toolchains/XcodeDefault.xctoolchain/usr/lib/clang/11.0.0 -dependency-file /Users/admin/Downloads/freetype2-master/cmakeProj/CMakeFiles/CMakeTmp/CMAKE_TRY_COMPILE.build/Debug/cmTC_ae8a7.build/Objects-normal/x86_64/CMakeCCompilerABI.d -skip-unused-modulemap-deps -MT dependencies -isysroot /Applications/Xcode.app/Contents/Developer/Platforms/MacOSX.platform/Developer/SDKs/MacOSX10.15.sdk -D "CMAKE_INTDIR=\"Debug\"" -I /Users/admin/Downloads/freetype2-master/cmakeProj/CMakeFiles/CMakeTmp/Debug/include -I /Users/admin/Downloads/freetype2-master/cmakeProj/CMakeFiles/CMakeTmp/CMAKE_TRY_COMPILE.build/Debug/cmTC_ae8a7.build/DerivedSources-normal/x86_64 -I /Users/admin/Downloads/freetype2-master/cmakeProj/CMakeFiles/CMakeTmp/CMAKE_TRY_COMPILE.build/Debug/cmTC_ae8a7.build/DerivedSources/x86_64 -I /Users/admin/Downloads/freetype2-master/cmakeProj/CMakeFiles/CMakeTmp/CMAKE_TRY_COMPILE.build/Debug/cmTC_ae8a7.build/DerivedSources -F/Users/admin/Downloads/freetype2-master/cmakeProj/CMakeFiles/CMakeTmp/Debug -O0 -Wno-trigraphs -Wno-missing-field-initializers -Wno-missing-prototypes -Wno-return-type -Wno-missing-braces -Wparentheses -Wswitch -Wno-unused-function -Wno-unused-label -Wno-unused-parameter -Wno-unused-variable -Wunused-value -Wno-empty-body -Wno-uninitialized -Wno-unknown-pragmas -Wno-shadow -Wno-four-char-constants -Wno-conversion -Wno-constant-conversion -Wno-int-conversion -Wno-bool-conversion -Wno-enum-conversion -Wno-float-conversion -Wno-non-literal-null-conversion -Wno-objc-literal-conversion -Wno-shorten-64-to-32 -Wpointer-sign -Wno-newline-eof -Wdeprecated-declarations -Wno-sign-conversion -Wno-infinite-recursion -Wno-comma -Wno-block-capture-autoreleasing -Wno-strict-prototypes -Wno-semicolon-before-method-body -Wno-framework-include-private-from-public -Wno-atimport-in-framework-header -Wno-extra-semi-stmt -Wno-quoted-include-in-framework-header -fdebug-compilation-dir /Users/admin/Downloads/freetype2-master/cmakeProj/CMakeFiles/CMakeTmp -ferror-limit 19 -fmacro-backtrace-limit 0 -fmessage-length 0 -stack-protector 1 -fstack-check -mdarwin-stkchk-strong-link -fblocks -fencode-extended-block-signature -fregister-global-dtors-with-atexit -fobjc-runtime=macosx-10.15.0 -fpascal-strings -fmax-type-align=16 -fdiagnostics-show-option -fdiagnostics-show-note-include-stack -fasm-blocks -serialize-diagnostic-file /Users/admin/Downloads/freetype2-master/cmakeProj/CMakeFiles/CMakeTmp/CMAKE_TRY_COMPILE.build/Debug/cmTC_ae8a7.build/Objects-normal/x86_64/CMakeCCompilerABI.dia -o /Users/admin/Downloads/freetype2-master/cmakeProj/CMakeFiles/CMakeTmp/CMAKE_TRY_COMPILE.build/Debug/cmTC_ae8a7.build/Objects-normal/x86_64/CMakeCCompilerABI.o -x c /usr/local/Cellar/cmake/3.17.1/share/cmake/Modules/CMakeCCompilerABI.c
clang -cc1 version 11.0.0 (clang-1100.0.33.17) default target x86_64-apple-darwin19.3.0
ignoring nonexistent directory "/Users/admin/Downloads/freetype2-master/cmakeProj/CMakeFiles/CMakeTmp/Debug/include"
ignoring nonexistent directory "/Users/admin/Downloads/freetype2-master/cmakeProj/CMakeFiles/CMakeTmp/CMAKE_TRY_COMPILE.build/Debug/cmTC_ae8a7.build/DerivedSources-normal/x86_64"
ignoring nonexistent directory "/Users/admin/Downloads/freetype2-master/cmakeProj/CMakeFiles/CMakeTmp/CMAKE_TRY_COMPILE.build/Debug/cmTC_ae8a7.build/DerivedSources/x86_64"
ignoring nonexistent directory "/Users/admin/Downloads/freetype2-master/cmakeProj/CMakeFiles/CMakeTmp/CMAKE_TRY_COMPILE.build/Debug/cmTC_ae8a7.build/DerivedSources"
ignoring nonexistent directory "/Users/admin/Downloads/freetype2-master/cmakeProj/CMakeFiles/CMakeTmp/Debug"
ignoring nonexistent directory "/Applications/Xcode.app/Contents/Developer/Platforms/MacOSX.platform/Developer/SDKs/MacOSX10.15.sdk/usr/local/include"
ignoring nonexistent directory "/Applications/Xcode.app/Contents/Developer/Platforms/MacOSX.platform/Developer/SDKs/MacOSX10.15.sdk/Library/Frameworks"
#include "..." search starts here:
#include <...> search starts here:
 /Applications/Xcode.app/Contents/Developer/Toolchains/XcodeDefault.xctoolchain/usr/lib/clang/11.0.0/include
 /Applications/Xcode.app/Contents/Developer/Toolchains/XcodeDefault.xctoolchain/usr/include
 /Applications/Xcode.app/Contents/Developer/Platforms/MacOSX.platform/Developer/SDKs/MacOSX10.15.sdk/usr/include
 /Applications/Xcode.app/Contents/Developer/Platforms/MacOSX.platform/Developer/SDKs/MacOSX10.15.sdk/System/Library/Frameworks (framework directory)
End of search list.

Ld Debug/cmTC_ae8a7 normal x86_64
    cd /Users/admin/Downloads/freetype2-master/cmakeProj/CMakeFiles/CMakeTmp
    /Applications/Xcode.app/Contents/Developer/Toolchains/XcodeDefault.xctoolchain/usr/bin/clang -target x86_64-apple-macos10.15 -isysroot /Applications/Xcode.app/Contents/Developer/Platforms/MacOSX.platform/Developer/SDKs/MacOSX10.15.sdk -L/Users/admin/Downloads/freetype2-master/cmakeProj/CMakeFiles/CMakeTmp/Debug -F/Users/admin/Downloads/freetype2-master/cmakeProj/CMakeFiles/CMakeTmp/Debug -filelist /Users/admin/Downloads/freetype2-master/cmakeProj/CMakeFiles/CMakeTmp/CMAKE_TRY_COMPILE.build/Debug/cmTC_ae8a7.build/Objects-normal/x86_64/cmTC_ae8a7.LinkFileList -Xlinker -object_path_lto -Xlinker /Users/admin/Downloads/freetype2-master/cmakeProj/CMakeFiles/CMakeTmp/CMAKE_TRY_COMPILE.build/Debug/cmTC_ae8a7.build/Objects-normal/x86_64/cmTC_ae8a7_lto.o -Xlinker -no_deduplicate -v -Wl,-v -Wl,-search_paths_first -Wl,-headerpad_max_install_names -Xlinker -dependency_info -Xlinker /Users/admin/Downloads/freetype2-master/cmakeProj/CMakeFiles/CMakeTmp/CMAKE_TRY_COMPILE.build/Debug/cmTC_ae8a7.build/Objects-normal/x86_64/cmTC_ae8a7_dependency_info.dat -o /Users/admin/Downloads/freetype2-master/cmakeProj/CMakeFiles/CMakeTmp/Debug/cmTC_ae8a7
Apple clang version 11.0.0 (clang-1100.0.33.17)
Target: x86_64-apple-macos10.15
Thread model: posix
InstalledDir: /Applications/Xcode.app/Contents/Developer/Toolchains/XcodeDefault.xctoolchain/usr/bin
 "/Applications/Xcode.app/Contents/Developer/Toolchains/XcodeDefault.xctoolchain/usr/bin/ld" -demangle -lto_library /Applications/Xcode.app/Contents/Developer/Toolchains/XcodeDefault.xctoolchain/usr/lib/libLTO.dylib -dynamic -arch x86_64 -macosx_version_min 10.15.0 -syslibroot /Applications/Xcode.app/Contents/Developer/Platforms/MacOSX.platform/Developer/SDKs/MacOSX10.15.sdk -o /Users/admin/Downloads/freetype2-master/cmakeProj/CMakeFiles/CMakeTmp/Debug/cmTC_ae8a7 -L/Users/admin/Downloads/freetype2-master/cmakeProj/CMakeFiles/CMakeTmp/Debug -filelist /Users/admin/Downloads/freetype2-master/cmakeProj/CMakeFiles/CMakeTmp/CMAKE_TRY_COMPILE.build/Debug/cmTC_ae8a7.build/Objects-normal/x86_64/cmTC_ae8a7.LinkFileList -object_path_lto /Users/admin/Downloads/freetype2-master/cmakeProj/CMakeFiles/CMakeTmp/CMAKE_TRY_COMPILE.build/Debug/cmTC_ae8a7.build/Objects-normal/x86_64/cmTC_ae8a7_lto.o -no_deduplicate -v -search_paths_first -headerpad_max_install_names -dependency_info /Users/admin/Downloads/freetype2-master/cmakeProj/CMakeFiles/CMakeTmp/CMAKE_TRY_COMPILE.build/Debug/cmTC_ae8a7.build/Objects-normal/x86_64/cmTC_ae8a7_dependency_info.dat -lSystem /Applications/Xcode.app/Contents/Developer/Toolchains/XcodeDefault.xctoolchain/usr/lib/clang/11.0.0/lib/darwin/libclang_rt.osx.a -F/Users/admin/Downloads/freetype2-master/cmakeProj/CMakeFiles/CMakeTmp/Debug
@(#)PROGRAM:ld  PROJECT:ld64-530
BUILD 18:57:17 Dec 13 2019
configured to support archs: armv6 armv7 armv7s arm64 arm64e arm64_32 i386 x86_64 x86_64h armv6m armv7k armv7m armv7em
Library search paths:
	/Users/admin/Downloads/freetype2-master/cmakeProj/CMakeFiles/CMakeTmp/Debug
	/Applications/Xcode.app/Contents/Developer/Platforms/MacOSX.platform/Developer/SDKs/MacOSX10.15.sdk/usr/lib
Framework search paths:
	/Users/admin/Downloads/freetype2-master/cmakeProj/CMakeFiles/CMakeTmp/Debug
	/Applications/Xcode.app/Contents/Developer/Platforms/MacOSX.platform/Developer/SDKs/MacOSX10.15.sdk/System/Library/Frameworks/

ProcessProductPackaging "" CMAKE_TRY_COMPILE.build/Debug/cmTC_ae8a7.build/cmTC_ae8a7.xcent
    cd /Users/admin/Downloads/freetype2-master/cmakeProj/CMakeFiles/CMakeTmp
    

Entitlements:

{
    "com.apple.security.get-task-allow" = 1;
}


    builtin-productPackagingUtility -entitlements -format xml -o /Users/admin/Downloads/freetype2-master/cmakeProj/CMakeFiles/CMakeTmp/CMAKE_TRY_COMPILE.build/Debug/cmTC_ae8a7.build/cmTC_ae8a7.xcent

CodeSign Debug/cmTC_ae8a7
    cd /Users/admin/Downloads/freetype2-master/cmakeProj/CMakeFiles/CMakeTmp
    
Signing Identity:     "-"

    /usr/bin/codesign --force --sign - --entitlements /Users/admin/Downloads/freetype2-master/cmakeProj/CMakeFiles/CMakeTmp/CMAKE_TRY_COMPILE.build/Debug/cmTC_ae8a7.build/cmTC_ae8a7.xcent --timestamp=none /Users/admin/Downloads/freetype2-master/cmakeProj/CMakeFiles/CMakeTmp/Debug/cmTC_ae8a7

** BUILD SUCCEEDED **




Parsed C implicit include dir info from above output: rv=done
  found start of include info
  found start of implicit include info
    add: [/Applications/Xcode.app/Contents/Developer/Toolchains/XcodeDefault.xctoolchain/usr/lib/clang/11.0.0/include]
    add: [/Applications/Xcode.app/Contents/Developer/Toolchains/XcodeDefault.xctoolchain/usr/include]
    add: [/Applications/Xcode.app/Contents/Developer/Platforms/MacOSX.platform/Developer/SDKs/MacOSX10.15.sdk/usr/include]
  end of search list found
  collapse include dir [/Applications/Xcode.app/Contents/Developer/Toolchains/XcodeDefault.xctoolchain/usr/lib/clang/11.0.0/include] ==> [/Applications/Xcode.app/Contents/Developer/Toolchains/XcodeDefault.xctoolchain/usr/lib/clang/11.0.0/include]
  collapse include dir [/Applications/Xcode.app/Contents/Developer/Toolchains/XcodeDefault.xctoolchain/usr/include] ==> [/Applications/Xcode.app/Contents/Developer/Toolchains/XcodeDefault.xctoolchain/usr/include]
  collapse include dir [/Applications/Xcode.app/Contents/Developer/Platforms/MacOSX.platform/Developer/SDKs/MacOSX10.15.sdk/usr/include] ==> [/Applications/Xcode.app/Contents/Developer/Platforms/MacOSX.platform/Developer/SDKs/MacOSX10.15.sdk/usr/include]
  implicit include dirs: [/Applications/Xcode.app/Contents/Developer/Toolchains/XcodeDefault.xctoolchain/usr/lib/clang/11.0.0/include;/Applications/Xcode.app/Contents/Developer/Toolchains/XcodeDefault.xctoolchain/usr/include;/Applications/Xcode.app/Contents/Developer/Platforms/MacOSX.platform/Developer/SDKs/MacOSX10.15.sdk/usr/include]


Parsed C implicit link information from above output:
  link line regex: [^( *|.*[/\])(ld|CMAKE_LINK_STARTFILE-NOTFOUND|([^/\]+-)?ld|collect2)[^/\]*( |$)]
  ignore line: [Change Dir: /Users/admin/Downloads/freetype2-master/cmakeProj/CMakeFiles/CMakeTmp]
  ignore line: []
  ignore line: [Run Build Command(s):/usr/bin/xcodebuild -project CMAKE_TRY_COMPILE.xcodeproj build -target cmTC_ae8a7 -configuration Debug -hideShellScriptEnvironment && User defaults from command line:]
  ignore line: [    HideShellScriptEnvironment = YES]
  ignore line: []
  ignore line: [Prepare build]
  ignore line: [note: Using legacy build system]
  ignore line: [=== BUILD TARGET cmTC_ae8a7 OF PROJECT CMAKE_TRY_COMPILE WITH CONFIGURATION Debug ===]
  ignore line: []
  ignore line: [Check dependencies]
  ignore line: []
  ignore line: [Write auxiliary files]
  ignore line: [/bin/mkdir -p /Users/admin/Downloads/freetype2-master/cmakeProj/CMakeFiles/CMakeTmp/CMAKE_TRY_COMPILE.build/Debug/cmTC_ae8a7.build/Objects-normal/x86_64]
  ignore line: [write-file /Users/admin/Downloads/freetype2-master/cmakeProj/CMakeFiles/CMakeTmp/CMAKE_TRY_COMPILE.build/Debug/cmTC_ae8a7.build/Objects-normal/x86_64/cmTC_ae8a7.LinkFileList]
  ignore line: []
  ignore line: [CompileC CMAKE_TRY_COMPILE.build/Debug/cmTC_ae8a7.build/Objects-normal/x86_64/CMakeCCompilerABI.o /usr/local/Cellar/cmake/3.17.1/share/cmake/Modules/CMakeCCompilerABI.c normal x86_64 c com.apple.compilers.llvm.clang.1_0.compiler]
  ignore line: [    cd /Users/admin/Downloads/freetype2-master/cmakeProj/CMakeFiles/CMakeTmp]
  ignore line: [    /Applications/Xcode.app/Contents/Developer/Toolchains/XcodeDefault.xctoolchain/usr/bin/clang -x c -target x86_64-apple-macos10.15 -fmessage-length=0 -fdiagnostics-show-note-include-stack -fmacro-backtrace-limit=0 -Wno-trigraphs -fpascal-strings -O0 -Wno-missing-field-initializers -Wno-missing-prototypes -Wno-return-type -Wno-missing-braces -Wparentheses -Wswitch -Wno-unused-function -Wno-unused-label -Wno-unused-parameter -Wno-unused-variable -Wunused-value -Wno-empty-body -Wno-uninitialized -Wno-unknown-pragmas -Wno-shadow -Wno-four-char-constants -Wno-conversion -Wno-constant-conversion -Wno-int-conversion -Wno-bool-conversion -Wno-enum-conversion -Wno-float-conversion -Wno-non-literal-null-conversion -Wno-objc-literal-conversion -Wno-shorten-64-to-32 -Wpointer-sign -Wno-newline-eof -DCMAKE_INTDIR=\"Debug\" -isysroot /Applications/Xcode.app/Contents/Developer/Platforms/MacOSX.platform/Developer/SDKs/MacOSX10.15.sdk -fasm-blocks -fstrict-aliasing -Wdeprecated-declarations -g -Wno-sign-conversion -Wno-infinite-recursion -Wno-comma -Wno-block-capture-autoreleasing -Wno-strict-prototypes -Wno-semicolon-before-method-body -I/Users/admin/Downloads/freetype2-master/cmakeProj/CMakeFiles/CMakeTmp/Debug/include -I/Users/admin/Downloads/freetype2-master/cmakeProj/CMakeFiles/CMakeTmp/CMAKE_TRY_COMPILE.build/Debug/cmTC_ae8a7.build/DerivedSources-normal/x86_64 -I/Users/admin/Downloads/freetype2-master/cmakeProj/CMakeFiles/CMakeTmp/CMAKE_TRY_COMPILE.build/Debug/cmTC_ae8a7.build/DerivedSources/x86_64 -I/Users/admin/Downloads/freetype2-master/cmakeProj/CMakeFiles/CMakeTmp/CMAKE_TRY_COMPILE.build/Debug/cmTC_ae8a7.build/DerivedSources -F/Users/admin/Downloads/freetype2-master/cmakeProj/CMakeFiles/CMakeTmp/Debug -v -Wl -v -MMD -MT dependencies -MF /Users/admin/Downloads/freetype2-master/cmakeProj/CMakeFiles/CMakeTmp/CMAKE_TRY_COMPILE.build/Debug/cmTC_ae8a7.build/Objects-normal/x86_64/CMakeCCompilerABI.d --serialize-diagnostics /Users/admin/Downloads/freetype2-master/cmakeProj/CMakeFiles/CMakeTmp/CMAKE_TRY_COMPILE.build/Debug/cmTC_ae8a7.build/Objects-normal/x86_64/CMakeCCompilerABI.dia -c /usr/local/Cellar/cmake/3.17.1/share/cmake/Modules/CMakeCCompilerABI.c -o /Users/admin/Downloads/freetype2-master/cmakeProj/CMakeFiles/CMakeTmp/CMAKE_TRY_COMPILE.build/Debug/cmTC_ae8a7.build/Objects-normal/x86_64/CMakeCCompilerABI.o]
  ignore line: [Apple clang version 11.0.0 (clang-1100.0.33.17)]
  ignore line: [Target: x86_64-apple-macos10.15]
  ignore line: [Thread model: posix]
  ignore line: [InstalledDir: /Applications/Xcode.app/Contents/Developer/Toolchains/XcodeDefault.xctoolchain/usr/bin]
  ignore line: [clang: warning: -Wl -v: 'linker' input unused [-Wunused-command-line-argument]]
  ignore line: [ "/Applications/Xcode.app/Contents/Developer/Toolchains/XcodeDefault.xctoolchain/usr/bin/clang" -cc1 -triple x86_64-apple-macosx10.15.0 -Wdeprecated-objc-isa-usage -Werror=deprecated-objc-isa-usage -emit-obj -mrelax-all -disable-free -disable-llvm-verifier -discard-value-names -main-file-name CMakeCCompilerABI.c -mrelocation-model pic -pic-level 2 -mthread-model posix -mdisable-fp-elim -fno-strict-return -masm-verbose -munwind-tables -target-sdk-version=10.15 -target-cpu penryn -dwarf-column-info -debug-info-kind=standalone -dwarf-version=4 -debugger-tuning=lldb -ggnu-pubnames -target-linker-version 530 -v -coverage-notes-file /Users/admin/Downloads/freetype2-master/cmakeProj/CMakeFiles/CMakeTmp/CMAKE_TRY_COMPILE.build/Debug/cmTC_ae8a7.build/Objects-normal/x86_64/CMakeCCompilerABI.gcno -resource-dir /Applications/Xcode.app/Contents/Developer/Toolchains/XcodeDefault.xctoolchain/usr/lib/clang/11.0.0 -dependency-file /Users/admin/Downloads/freetype2-master/cmakeProj/CMakeFiles/CMakeTmp/CMAKE_TRY_COMPILE.build/Debug/cmTC_ae8a7.build/Objects-normal/x86_64/CMakeCCompilerABI.d -skip-unused-modulemap-deps -MT dependencies -isysroot /Applications/Xcode.app/Contents/Developer/Platforms/MacOSX.platform/Developer/SDKs/MacOSX10.15.sdk -D "CMAKE_INTDIR=\"Debug\"" -I /Users/admin/Downloads/freetype2-master/cmakeProj/CMakeFiles/CMakeTmp/Debug/include -I /Users/admin/Downloads/freetype2-master/cmakeProj/CMakeFiles/CMakeTmp/CMAKE_TRY_COMPILE.build/Debug/cmTC_ae8a7.build/DerivedSources-normal/x86_64 -I /Users/admin/Downloads/freetype2-master/cmakeProj/CMakeFiles/CMakeTmp/CMAKE_TRY_COMPILE.build/Debug/cmTC_ae8a7.build/DerivedSources/x86_64 -I /Users/admin/Downloads/freetype2-master/cmakeProj/CMakeFiles/CMakeTmp/CMAKE_TRY_COMPILE.build/Debug/cmTC_ae8a7.build/DerivedSources -F/Users/admin/Downloads/freetype2-master/cmakeProj/CMakeFiles/CMakeTmp/Debug -O0 -Wno-trigraphs -Wno-missing-field-initializers -Wno-missing-prototypes -Wno-return-type -Wno-missing-braces -Wparentheses -Wswitch -Wno-unused-function -Wno-unused-label -Wno-unused-parameter -Wno-unused-variable -Wunused-value -Wno-empty-body -Wno-uninitialized -Wno-unknown-pragmas -Wno-shadow -Wno-four-char-constants -Wno-conversion -Wno-constant-conversion -Wno-int-conversion -Wno-bool-conversion -Wno-enum-conversion -Wno-float-conversion -Wno-non-literal-null-conversion -Wno-objc-literal-conversion -Wno-shorten-64-to-32 -Wpointer-sign -Wno-newline-eof -Wdeprecated-declarations -Wno-sign-conversion -Wno-infinite-recursion -Wno-comma -Wno-block-capture-autoreleasing -Wno-strict-prototypes -Wno-semicolon-before-method-body -Wno-framework-include-private-from-public -Wno-atimport-in-framework-header -Wno-extra-semi-stmt -Wno-quoted-include-in-framework-header -fdebug-compilation-dir /Users/admin/Downloads/freetype2-master/cmakeProj/CMakeFiles/CMakeTmp -ferror-limit 19 -fmacro-backtrace-limit 0 -fmessage-length 0 -stack-protector 1 -fstack-check -mdarwin-stkchk-strong-link -fblocks -fencode-extended-block-signature -fregister-global-dtors-with-atexit -fobjc-runtime=macosx-10.15.0 -fpascal-strings -fmax-type-align=16 -fdiagnostics-show-option -fdiagnostics-show-note-include-stack -fasm-blocks -serialize-diagnostic-file /Users/admin/Downloads/freetype2-master/cmakeProj/CMakeFiles/CMakeTmp/CMAKE_TRY_COMPILE.build/Debug/cmTC_ae8a7.build/Objects-normal/x86_64/CMakeCCompilerABI.dia -o /Users/admin/Downloads/freetype2-master/cmakeProj/CMakeFiles/CMakeTmp/CMAKE_TRY_COMPILE.build/Debug/cmTC_ae8a7.build/Objects-normal/x86_64/CMakeCCompilerABI.o -x c /usr/local/Cellar/cmake/3.17.1/share/cmake/Modules/CMakeCCompilerABI.c]
  ignore line: [clang -cc1 version 11.0.0 (clang-1100.0.33.17) default target x86_64-apple-darwin19.3.0]
  ignore line: [ignoring nonexistent directory "/Users/admin/Downloads/freetype2-master/cmakeProj/CMakeFiles/CMakeTmp/Debug/include"]
  ignore line: [ignoring nonexistent directory "/Users/admin/Downloads/freetype2-master/cmakeProj/CMakeFiles/CMakeTmp/CMAKE_TRY_COMPILE.build/Debug/cmTC_ae8a7.build/DerivedSources-normal/x86_64"]
  ignore line: [ignoring nonexistent directory "/Users/admin/Downloads/freetype2-master/cmakeProj/CMakeFiles/CMakeTmp/CMAKE_TRY_COMPILE.build/Debug/cmTC_ae8a7.build/DerivedSources/x86_64"]
  ignore line: [ignoring nonexistent directory "/Users/admin/Downloads/freetype2-master/cmakeProj/CMakeFiles/CMakeTmp/CMAKE_TRY_COMPILE.build/Debug/cmTC_ae8a7.build/DerivedSources"]
  ignore line: [ignoring nonexistent directory "/Users/admin/Downloads/freetype2-master/cmakeProj/CMakeFiles/CMakeTmp/Debug"]
  ignore line: [ignoring nonexistent directory "/Applications/Xcode.app/Contents/Developer/Platforms/MacOSX.platform/Developer/SDKs/MacOSX10.15.sdk/usr/local/include"]
  ignore line: [ignoring nonexistent directory "/Applications/Xcode.app/Contents/Developer/Platforms/MacOSX.platform/Developer/SDKs/MacOSX10.15.sdk/Library/Frameworks"]
  ignore line: [#include "..." search starts here:]
  ignore line: [#include <...> search starts here:]
  ignore line: [ /Applications/Xcode.app/Contents/Developer/Toolchains/XcodeDefault.xctoolchain/usr/lib/clang/11.0.0/include]
  ignore line: [ /Applications/Xcode.app/Contents/Developer/Toolchains/XcodeDefault.xctoolchain/usr/include]
  ignore line: [ /Applications/Xcode.app/Contents/Developer/Platforms/MacOSX.platform/Developer/SDKs/MacOSX10.15.sdk/usr/include]
  ignore line: [ /Applications/Xcode.app/Contents/Developer/Platforms/MacOSX.platform/Developer/SDKs/MacOSX10.15.sdk/System/Library/Frameworks (framework directory)]
  ignore line: [End of search list.]
  ignore line: []
  ignore line: [Ld Debug/cmTC_ae8a7 normal x86_64]
  ignore line: [    cd /Users/admin/Downloads/freetype2-master/cmakeProj/CMakeFiles/CMakeTmp]
  ignore line: [    /Applications/Xcode.app/Contents/Developer/Toolchains/XcodeDefault.xctoolchain/usr/bin/clang -target x86_64-apple-macos10.15 -isysroot /Applications/Xcode.app/Contents/Developer/Platforms/MacOSX.platform/Developer/SDKs/MacOSX10.15.sdk -L/Users/admin/Downloads/freetype2-master/cmakeProj/CMakeFiles/CMakeTmp/Debug -F/Users/admin/Downloads/freetype2-master/cmakeProj/CMakeFiles/CMakeTmp/Debug -filelist /Users/admin/Downloads/freetype2-master/cmakeProj/CMakeFiles/CMakeTmp/CMAKE_TRY_COMPILE.build/Debug/cmTC_ae8a7.build/Objects-normal/x86_64/cmTC_ae8a7.LinkFileList -Xlinker -object_path_lto -Xlinker /Users/admin/Downloads/freetype2-master/cmakeProj/CMakeFiles/CMakeTmp/CMAKE_TRY_COMPILE.build/Debug/cmTC_ae8a7.build/Objects-normal/x86_64/cmTC_ae8a7_lto.o -Xlinker -no_deduplicate -v -Wl -v -Wl -search_paths_first -Wl -headerpad_max_install_names -Xlinker -dependency_info -Xlinker /Users/admin/Downloads/freetype2-master/cmakeProj/CMakeFiles/CMakeTmp/CMAKE_TRY_COMPILE.build/Debug/cmTC_ae8a7.build/Objects-normal/x86_64/cmTC_ae8a7_dependency_info.dat -o /Users/admin/Downloads/freetype2-master/cmakeProj/CMakeFiles/CMakeTmp/Debug/cmTC_ae8a7]
  ignore line: [Apple clang version 11.0.0 (clang-1100.0.33.17)]
  ignore line: [Target: x86_64-apple-macos10.15]
  ignore line: [Thread model: posix]
  ignore line: [InstalledDir: /Applications/Xcode.app/Contents/Developer/Toolchains/XcodeDefault.xctoolchain/usr/bin]
  reduced line: [ "/Applications/Xcode.app/Contents/Developer/Toolchains/XcodeDefault.xctoolchain/usr/bin/ld" -demangle -lto_library /Applications/Xcode.app/Contents/Developer/Toolchains/XcodeDefault.xctoolchain/usr/lib/libLTO.dylib -dynamic -arch x86_64 -macosx_version_min 10.15.0 -syslibroot /Applications/Xcode.app/Contents/Developer/Platforms/MacOSX.platform/Developer/SDKs/MacOSX10.15.sdk -o /Users/admin/Downloads/freetype2-master/cmakeProj/CMakeFiles/CMakeTmp/Debug/cmTC_ae8a7 -L/Users/admin/Downloads/freetype2-master/cmakeProj/CMakeFiles/CMakeTmp/Debug -filelist /Users/admin/Downloads/freetype2-master/cmakeProj/CMakeFiles/CMakeTmp/CMAKE_TRY_COMPILE.build/Debug/cmTC_ae8a7.build/Objects-normal/x86_64/cmTC_ae8a7.LinkFileList -object_path_lto /Users/admin/Downloads/freetype2-master/cmakeProj/CMakeFiles/CMakeTmp/CMAKE_TRY_COMPILE.build/Debug/cmTC_ae8a7.build/Objects-normal/x86_64/cmTC_ae8a7_lto.o -no_deduplicate -v -search_paths_first -headerpad_max_install_names -dependency_info /Users/admin/Downloads/freetype2-master/cmakeProj/CMakeFiles/CMakeTmp/CMAKE_TRY_COMPILE.build/Debug/cmTC_ae8a7.build/Objects-normal/x86_64/cmTC_ae8a7_dependency_info.dat -lSystem /Applications/Xcode.app/Contents/Developer/Toolchains/XcodeDefault.xctoolchain/usr/lib/clang/11.0.0/lib/darwin/libclang_rt.osx.a -F/Users/admin/Downloads/freetype2-master/cmakeProj/CMakeFiles/CMakeTmp/Debug]
            to: [ "/Applications/Xcode.app/Contents/Developer/Toolchains/XcodeDefault.xctoolchain/usr/bin/ld" -demangle -lto_library /Applications/Xcode.app/Contents/Developer/Toolchains/XcodeDefault.xctoolchain/usr/lib/libLTO.dylib -dynamic -arch x86_64 -macosx_version_min 10.15.0 -syslibroot /Applications/Xcode.app/Contents/Developer/Platforms/MacOSX.platform/Developer/SDKs/MacOSX10.15.sdk -o /Users/admin/Downloads/freetype2-master/cmakeProj/CMakeFiles/CMakeTmp/Debug/cmTC_ae8a7 -filelist /Users/admin/Downloads/freetype2-master/cmakeProj/CMakeFiles/CMakeTmp/CMAKE_TRY_COMPILE.build/Debug/cmTC_ae8a7.build/Objects-normal/x86_64/cmTC_ae8a7.LinkFileList -object_path_lto /Users/admin/Downloads/freetype2-master/cmakeProj/CMakeFiles/CMakeTmp/CMAKE_TRY_COMPILE.build/Debug/cmTC_ae8a7.build/Objects-normal/x86_64/cmTC_ae8a7_lto.o -no_deduplicate -v -search_paths_first -headerpad_max_install_names -dependency_info /Users/admin/Downloads/freetype2-master/cmakeProj/CMakeFiles/CMakeTmp/CMAKE_TRY_COMPILE.build/Debug/cmTC_ae8a7.build/Objects-normal/x86_64/cmTC_ae8a7_dependency_info.dat -lSystem /Applications/Xcode.app/Contents/Developer/Toolchains/XcodeDefault.xctoolchain/usr/lib/clang/11.0.0/lib/darwin/libclang_rt.osx.a ]
  link line: [ "/Applications/Xcode.app/Contents/Developer/Toolchains/XcodeDefault.xctoolchain/usr/bin/ld" -demangle -lto_library /Applications/Xcode.app/Contents/Developer/Toolchains/XcodeDefault.xctoolchain/usr/lib/libLTO.dylib -dynamic -arch x86_64 -macosx_version_min 10.15.0 -syslibroot /Applications/Xcode.app/Contents/Developer/Platforms/MacOSX.platform/Developer/SDKs/MacOSX10.15.sdk -o /Users/admin/Downloads/freetype2-master/cmakeProj/CMakeFiles/CMakeTmp/Debug/cmTC_ae8a7 -filelist /Users/admin/Downloads/freetype2-master/cmakeProj/CMakeFiles/CMakeTmp/CMAKE_TRY_COMPILE.build/Debug/cmTC_ae8a7.build/Objects-normal/x86_64/cmTC_ae8a7.LinkFileList -object_path_lto /Users/admin/Downloads/freetype2-master/cmakeProj/CMakeFiles/CMakeTmp/CMAKE_TRY_COMPILE.build/Debug/cmTC_ae8a7.build/Objects-normal/x86_64/cmTC_ae8a7_lto.o -no_deduplicate -v -search_paths_first -headerpad_max_install_names -dependency_info /Users/admin/Downloads/freetype2-master/cmakeProj/CMakeFiles/CMakeTmp/CMAKE_TRY_COMPILE.build/Debug/cmTC_ae8a7.build/Objects-normal/x86_64/cmTC_ae8a7_dependency_info.dat -lSystem /Applications/Xcode.app/Contents/Developer/Toolchains/XcodeDefault.xctoolchain/usr/lib/clang/11.0.0/lib/darwin/libclang_rt.osx.a ]
    arg [/Applications/Xcode.app/Contents/Developer/Toolchains/XcodeDefault.xctoolchain/usr/bin/ld] ==> ignore
    arg [-demangle] ==> ignore
    arg [-lto_library] ==> ignore, skip following value
    arg [/Applications/Xcode.app/Contents/Developer/Toolchains/XcodeDefault.xctoolchain/usr/lib/libLTO.dylib] ==> skip value of -lto_library
    arg [-dynamic] ==> ignore
    arg [-arch] ==> ignore
    arg [x86_64] ==> ignore
    arg [-macosx_version_min] ==> ignore
    arg [10.15.0] ==> ignore
    arg [-syslibroot] ==> ignore
    arg [/Applications/Xcode.app/Contents/Developer/Platforms/MacOSX.platform/Developer/SDKs/MacOSX10.15.sdk] ==> ignore
    arg [-o] ==> ignore
    arg [/Users/admin/Downloads/freetype2-master/cmakeProj/CMakeFiles/CMakeTmp/Debug/cmTC_ae8a7] ==> ignore
    arg [-filelist] ==> ignore
    arg [/Users/admin/Downloads/freetype2-master/cmakeProj/CMakeFiles/CMakeTmp/CMAKE_TRY_COMPILE.build/Debug/cmTC_ae8a7.build/Objects-normal/x86_64/cmTC_ae8a7.LinkFileList] ==> ignore
    arg [-object_path_lto] ==> ignore
    arg [/Users/admin/Downloads/freetype2-master/cmakeProj/CMakeFiles/CMakeTmp/CMAKE_TRY_COMPILE.build/Debug/cmTC_ae8a7.build/Objects-normal/x86_64/cmTC_ae8a7_lto.o] ==> ignore
    arg [-no_deduplicate] ==> ignore
    arg [-v] ==> ignore
    arg [-search_paths_first] ==> ignore
    arg [-headerpad_max_install_names] ==> ignore
    arg [-dependency_info] ==> ignore
    arg [/Users/admin/Downloads/freetype2-master/cmakeProj/CMakeFiles/CMakeTmp/CMAKE_TRY_COMPILE.build/Debug/cmTC_ae8a7.build/Objects-normal/x86_64/cmTC_ae8a7_dependency_info.dat] ==> ignore
    arg [-lSystem] ==> lib [System]
    arg [/Applications/Xcode.app/Contents/Developer/Toolchains/XcodeDefault.xctoolchain/usr/lib/clang/11.0.0/lib/darwin/libclang_rt.osx.a] ==> lib [/Applications/Xcode.app/Contents/Developer/Toolchains/XcodeDefault.xctoolchain/usr/lib/clang/11.0.0/lib/darwin/libclang_rt.osx.a]
  Library search paths: [;/Users/admin/Downloads/freetype2-master/cmakeProj/CMakeFiles/CMakeTmp/Debug;/Applications/Xcode.app/Contents/Developer/Platforms/MacOSX.platform/Developer/SDKs/MacOSX10.15.sdk/usr/lib]
  Framework search paths: [;/Users/admin/Downloads/freetype2-master/cmakeProj/CMakeFiles/CMakeTmp/Debug;/Applications/Xcode.app/Contents/Developer/Platforms/MacOSX.platform/Developer/SDKs/MacOSX10.15.sdk/System/Library/Frameworks/]
  remove lib [System]
  remove lib [/Applications/Xcode.app/Contents/Developer/Toolchains/XcodeDefault.xctoolchain/usr/lib/clang/11.0.0/lib/darwin/libclang_rt.osx.a]
  collapse library dir [/Users/admin/Downloads/freetype2-master/cmakeProj/CMakeFiles/CMakeTmp/Debug] ==> [/Users/admin/Downloads/freetype2-master/cmakeProj/CMakeFiles/CMakeTmp/Debug], skipping non-system directory
  collapse library dir [/Applications/Xcode.app/Contents/Developer/Platforms/MacOSX.platform/Developer/SDKs/MacOSX10.15.sdk/usr/lib] ==> [/Applications/Xcode.app/Contents/Developer/Platforms/MacOSX.platform/Developer/SDKs/MacOSX10.15.sdk/usr/lib]
  collapse framework dir [/Users/admin/Downloads/freetype2-master/cmakeProj/CMakeFiles/CMakeTmp/Debug] ==> [/Users/admin/Downloads/freetype2-master/cmakeProj/CMakeFiles/CMakeTmp/Debug], skipping non-system directory
  collapse framework dir [/Applications/Xcode.app/Contents/Developer/Platforms/MacOSX.platform/Developer/SDKs/MacOSX10.15.sdk/System/Library/Frameworks/] ==> [/Applications/Xcode.app/Contents/Developer/Platforms/MacOSX.platform/Developer/SDKs/MacOSX10.15.sdk/System/Library/Frameworks]
  implicit libs: []
  implicit dirs: [/Applications/Xcode.app/Contents/Developer/Platforms/MacOSX.platform/Developer/SDKs/MacOSX10.15.sdk/usr/lib]
  implicit fwks: [/Applications/Xcode.app/Contents/Developer/Platforms/MacOSX.platform/Developer/SDKs/MacOSX10.15.sdk/System/Library/Frameworks]


Determining if the BZ2_bzCompressInit exist passed with the following output:
Change Dir: /Users/admin/Downloads/freetype2-master/cmakeProj/CMakeFiles/CMakeTmp

Run Build Command(s):/usr/bin/xcodebuild -project CMAKE_TRY_COMPILE.xcodeproj build -target cmTC_8845d -configuration Debug -hideShellScriptEnvironment && User defaults from command line:
    HideShellScriptEnvironment = YES

Prepare build
note: Using legacy build system
=== BUILD TARGET cmTC_8845d OF PROJECT CMAKE_TRY_COMPILE WITH CONFIGURATION Debug ===

Check dependencies

Write auxiliary files
/bin/mkdir -p /Users/admin/Downloads/freetype2-master/cmakeProj/CMakeFiles/CMakeTmp/CMAKE_TRY_COMPILE.build/Debug/cmTC_8845d.build/Objects-normal/x86_64
write-file /Users/admin/Downloads/freetype2-master/cmakeProj/CMakeFiles/CMakeTmp/CMAKE_TRY_COMPILE.build/Debug/cmTC_8845d.build/Objects-normal/x86_64/cmTC_8845d.LinkFileList

CompileC CMAKE_TRY_COMPILE.build/Debug/cmTC_8845d.build/Objects-normal/x86_64/CheckSymbolExists.o CheckSymbolExists.c normal x86_64 c com.apple.compilers.llvm.clang.1_0.compiler
    cd /Users/admin/Downloads/freetype2-master/cmakeProj/CMakeFiles/CMakeTmp
    /Applications/Xcode.app/Contents/Developer/Toolchains/XcodeDefault.xctoolchain/usr/bin/clang -x c -target x86_64-apple-macos10.15 -fmessage-length=0 -fdiagnostics-show-note-include-stack -fmacro-backtrace-limit=0 -Wno-trigraphs -fpascal-strings -O0 -Wno-missing-field-initializers -Wno-missing-prototypes -Wno-return-type -Wno-missing-braces -Wparentheses -Wswitch -Wno-unused-function -Wno-unused-label -Wno-unused-parameter -Wno-unused-variable -Wunused-value -Wno-empty-body -Wno-uninitialized -Wno-unknown-pragmas -Wno-shadow -Wno-four-char-constants -Wno-conversion -Wno-constant-conversion -Wno-int-conversion -Wno-bool-conversion -Wno-enum-conversion -Wno-float-conversion -Wno-non-literal-null-conversion -Wno-objc-literal-conversion -Wno-shorten-64-to-32 -Wpointer-sign -Wno-newline-eof -DCMAKE_INTDIR=\"Debug\" -isysroot /Applications/Xcode.app/Contents/Developer/Platforms/MacOSX.platform/Developer/SDKs/MacOSX10.15.sdk -fasm-blocks -fstrict-aliasing -Wdeprecated-declarations -g -Wno-sign-conversion -Wno-infinite-recursion -Wno-comma -Wno-block-capture-autoreleasing -Wno-strict-prototypes -Wno-semicolon-before-method-body -I/Users/admin/Downloads/freetype2-master/cmakeProj/CMakeFiles/CMakeTmp/Debug/include -I/Users/admin/Downloads/freetype2-master/cmakeProj/CMakeFiles/CMakeTmp/CMAKE_TRY_COMPILE.build/Debug/cmTC_8845d.build/DerivedSources-normal/x86_64 -I/Users/admin/Downloads/freetype2-master/cmakeProj/CMakeFiles/CMakeTmp/CMAKE_TRY_COMPILE.build/Debug/cmTC_8845d.build/DerivedSources/x86_64 -I/Users/admin/Downloads/freetype2-master/cmakeProj/CMakeFiles/CMakeTmp/CMAKE_TRY_COMPILE.build/Debug/cmTC_8845d.build/DerivedSources -F/Users/admin/Downloads/freetype2-master/cmakeProj/CMakeFiles/CMakeTmp/Debug -MMD -MT dependencies -MF /Users/admin/Downloads/freetype2-master/cmakeProj/CMakeFiles/CMakeTmp/CMAKE_TRY_COMPILE.build/Debug/cmTC_8845d.build/Objects-normal/x86_64/CheckSymbolExists.d --serialize-diagnostics /Users/admin/Downloads/freetype2-master/cmakeProj/CMakeFiles/CMakeTmp/CMAKE_TRY_COMPILE.build/Debug/cmTC_8845d.build/Objects-normal/x86_64/CheckSymbolExists.dia -c /Users/admin/Downloads/freetype2-master/cmakeProj/CMakeFiles/CMakeTmp/CheckSymbolExists.c -o /Users/admin/Downloads/freetype2-master/cmakeProj/CMakeFiles/CMakeTmp/CMAKE_TRY_COMPILE.build/Debug/cmTC_8845d.build/Objects-normal/x86_64/CheckSymbolExists.o

Ld Debug/cmTC_8845d normal x86_64
    cd /Users/admin/Downloads/freetype2-master/cmakeProj/CMakeFiles/CMakeTmp
    /Applications/Xcode.app/Contents/Developer/Toolchains/XcodeDefault.xctoolchain/usr/bin/clang -target x86_64-apple-macos10.15 -isysroot /Applications/Xcode.app/Contents/Developer/Platforms/MacOSX.platform/Developer/SDKs/MacOSX10.15.sdk -L/Users/admin/Downloads/freetype2-master/cmakeProj/CMakeFiles/CMakeTmp/Debug -F/Users/admin/Downloads/freetype2-master/cmakeProj/CMakeFiles/CMakeTmp/Debug -filelist /Users/admin/Downloads/freetype2-master/cmakeProj/CMakeFiles/CMakeTmp/CMAKE_TRY_COMPILE.build/Debug/cmTC_8845d.build/Objects-normal/x86_64/cmTC_8845d.LinkFileList -Xlinker -object_path_lto -Xlinker /Users/admin/Downloads/freetype2-master/cmakeProj/CMakeFiles/CMakeTmp/CMAKE_TRY_COMPILE.build/Debug/cmTC_8845d.build/Objects-normal/x86_64/cmTC_8845d_lto.o -Xlinker -no_deduplicate -Wl,-search_paths_first -Wl,-headerpad_max_install_names /usr/lib/libbz2.dylib -Xlinker -dependency_info -Xlinker /Users/admin/Downloads/freetype2-master/cmakeProj/CMakeFiles/CMakeTmp/CMAKE_TRY_COMPILE.build/Debug/cmTC_8845d.build/Objects-normal/x86_64/cmTC_8845d_dependency_info.dat -o /Users/admin/Downloads/freetype2-master/cmakeProj/CMakeFiles/CMakeTmp/Debug/cmTC_8845d

ProcessProductPackaging "" CMAKE_TRY_COMPILE.build/Debug/cmTC_8845d.build/cmTC_8845d.xcent
    cd /Users/admin/Downloads/freetype2-master/cmakeProj/CMakeFiles/CMakeTmp
    

Entitlements:

{
    "com.apple.security.get-task-allow" = 1;
}


    builtin-productPackagingUtility -entitlements -format xml -o /Users/admin/Downloads/freetype2-master/cmakeProj/CMakeFiles/CMakeTmp/CMAKE_TRY_COMPILE.build/Debug/cmTC_8845d.build/cmTC_8845d.xcent

CodeSign Debug/cmTC_8845d
    cd /Users/admin/Downloads/freetype2-master/cmakeProj/CMakeFiles/CMakeTmp
    
Signing Identity:     "-"

    /usr/bin/codesign --force --sign - --entitlements /Users/admin/Downloads/freetype2-master/cmakeProj/CMakeFiles/CMakeTmp/CMAKE_TRY_COMPILE.build/Debug/cmTC_8845d.build/cmTC_8845d.xcent --timestamp=none /Users/admin/Downloads/freetype2-master/cmakeProj/CMakeFiles/CMakeTmp/Debug/cmTC_8845d

** BUILD SUCCEEDED **



File /Users/admin/Downloads/freetype2-master/cmakeProj/CMakeFiles/CMakeTmp/CheckSymbolExists.c:
/* */
#include <bzlib.h>

int main(int argc, char** argv)
{
  (void)argv;
#ifndef BZ2_bzCompressInit
  return ((int*)(&BZ2_bzCompressInit))[argc];
#else
  (void)argc;
  return 0;
#endif
}
Determining if the include file unistd.h exists passed with the following output:
Change Dir: /Users/admin/Downloads/freetype2-master/cmakeProj/CMakeFiles/CMakeTmp

Run Build Command(s):/usr/bin/xcodebuild -project CMAKE_TRY_COMPILE.xcodeproj build -target cmTC_86063 -configuration Debug -hideShellScriptEnvironment && User defaults from command line:
    HideShellScriptEnvironment = YES

Prepare build
note: Using legacy build system
=== BUILD TARGET cmTC_86063 OF PROJECT CMAKE_TRY_COMPILE WITH CONFIGURATION Debug ===

Check dependencies

Write auxiliary files
/bin/mkdir -p /Users/admin/Downloads/freetype2-master/cmakeProj/CMakeFiles/CMakeTmp/CMAKE_TRY_COMPILE.build/Debug/cmTC_86063.build/Objects-normal/x86_64
write-file /Users/admin/Downloads/freetype2-master/cmakeProj/CMakeFiles/CMakeTmp/CMAKE_TRY_COMPILE.build/Debug/cmTC_86063.build/Objects-normal/x86_64/cmTC_86063.LinkFileList

CompileC CMAKE_TRY_COMPILE.build/Debug/cmTC_86063.build/Objects-normal/x86_64/CheckIncludeFile.o CheckIncludeFile.c normal x86_64 c com.apple.compilers.llvm.clang.1_0.compiler
    cd /Users/admin/Downloads/freetype2-master/cmakeProj/CMakeFiles/CMakeTmp
    /Applications/Xcode.app/Contents/Developer/Toolchains/XcodeDefault.xctoolchain/usr/bin/clang -x c -target x86_64-apple-macos10.15 -fmessage-length=0 -fdiagnostics-show-note-include-stack -fmacro-backtrace-limit=0 -Wno-trigraphs -fpascal-strings -O0 -Wno-missing-field-initializers -Wno-missing-prototypes -Wno-return-type -Wno-missing-braces -Wparentheses -Wswitch -Wno-unused-function -Wno-unused-label -Wno-unused-parameter -Wno-unused-variable -Wunused-value -Wno-empty-body -Wno-uninitialized -Wno-unknown-pragmas -Wno-shadow -Wno-four-char-constants -Wno-conversion -Wno-constant-conversion -Wno-int-conversion -Wno-bool-conversion -Wno-enum-conversion -Wno-float-conversion -Wno-non-literal-null-conversion -Wno-objc-literal-conversion -Wno-shorten-64-to-32 -Wpointer-sign -Wno-newline-eof -DCMAKE_INTDIR=\"Debug\" -isysroot /Applications/Xcode.app/Contents/Developer/Platforms/MacOSX.platform/Developer/SDKs/MacOSX10.15.sdk -fasm-blocks -fstrict-aliasing -Wdeprecated-declarations -g -Wno-sign-conversion -Wno-infinite-recursion -Wno-comma -Wno-block-capture-autoreleasing -Wno-strict-prototypes -Wno-semicolon-before-method-body -I/Users/admin/Downloads/freetype2-master/cmakeProj/CMakeFiles/CMakeTmp/Debug/include -I/Users/admin/Downloads/freetype2-master/cmakeProj/CMakeFiles/CMakeTmp/CMAKE_TRY_COMPILE.build/Debug/cmTC_86063.build/DerivedSources-normal/x86_64 -I/Users/admin/Downloads/freetype2-master/cmakeProj/CMakeFiles/CMakeTmp/CMAKE_TRY_COMPILE.build/Debug/cmTC_86063.build/DerivedSources/x86_64 -I/Users/admin/Downloads/freetype2-master/cmakeProj/CMakeFiles/CMakeTmp/CMAKE_TRY_COMPILE.build/Debug/cmTC_86063.build/DerivedSources -F/Users/admin/Downloads/freetype2-master/cmakeProj/CMakeFiles/CMakeTmp/Debug -MMD -MT dependencies -MF /Users/admin/Downloads/freetype2-master/cmakeProj/CMakeFiles/CMakeTmp/CMAKE_TRY_COMPILE.build/Debug/cmTC_86063.build/Objects-normal/x86_64/CheckIncludeFile.d --serialize-diagnostics /Users/admin/Downloads/freetype2-master/cmakeProj/CMakeFiles/CMakeTmp/CMAKE_TRY_COMPILE.build/Debug/cmTC_86063.build/Objects-normal/x86_64/CheckIncludeFile.dia -c /Users/admin/Downloads/freetype2-master/cmakeProj/CMakeFiles/CMakeTmp/CheckIncludeFile.c -o /Users/admin/Downloads/freetype2-master/cmakeProj/CMakeFiles/CMakeTmp/CMAKE_TRY_COMPILE.build/Debug/cmTC_86063.build/Objects-normal/x86_64/CheckIncludeFile.o

Ld Debug/cmTC_86063 normal x86_64
    cd /Users/admin/Downloads/freetype2-master/cmakeProj/CMakeFiles/CMakeTmp
    /Applications/Xcode.app/Contents/Developer/Toolchains/XcodeDefault.xctoolchain/usr/bin/clang -target x86_64-apple-macos10.15 -isysroot /Applications/Xcode.app/Contents/Developer/Platforms/MacOSX.platform/Developer/SDKs/MacOSX10.15.sdk -L/Users/admin/Downloads/freetype2-master/cmakeProj/CMakeFiles/CMakeTmp/Debug -F/Users/admin/Downloads/freetype2-master/cmakeProj/CMakeFiles/CMakeTmp/Debug -filelist /Users/admin/Downloads/freetype2-master/cmakeProj/CMakeFiles/CMakeTmp/CMAKE_TRY_COMPILE.build/Debug/cmTC_86063.build/Objects-normal/x86_64/cmTC_86063.LinkFileList -Xlinker -object_path_lto -Xlinker /Users/admin/Downloads/freetype2-master/cmakeProj/CMakeFiles/CMakeTmp/CMAKE_TRY_COMPILE.build/Debug/cmTC_86063.build/Objects-normal/x86_64/cmTC_86063_lto.o -Xlinker -no_deduplicate -Wl,-search_paths_first -Wl,-headerpad_max_install_names -Xlinker -dependency_info -Xlinker /Users/admin/Downloads/freetype2-master/cmakeProj/CMakeFiles/CMakeTmp/CMAKE_TRY_COMPILE.build/Debug/cmTC_86063.build/Objects-normal/x86_64/cmTC_86063_dependency_info.dat -o /Users/admin/Downloads/freetype2-master/cmakeProj/CMakeFiles/CMakeTmp/Debug/cmTC_86063

ProcessProductPackaging "" CMAKE_TRY_COMPILE.build/Debug/cmTC_86063.build/cmTC_86063.xcent
    cd /Users/admin/Downloads/freetype2-master/cmakeProj/CMakeFiles/CMakeTmp
    

Entitlements:

{
    "com.apple.security.get-task-allow" = 1;
}


    builtin-productPackagingUtility -entitlements -format xml -o /Users/admin/Downloads/freetype2-master/cmakeProj/CMakeFiles/CMakeTmp/CMAKE_TRY_COMPILE.build/Debug/cmTC_86063.build/cmTC_86063.xcent

CodeSign Debug/cmTC_86063
    cd /Users/admin/Downloads/freetype2-master/cmakeProj/CMakeFiles/CMakeTmp
    
Signing Identity:     "-"

    /usr/bin/codesign --force --sign - --entitlements /Users/admin/Downloads/freetype2-master/cmakeProj/CMakeFiles/CMakeTmp/CMAKE_TRY_COMPILE.build/Debug/cmTC_86063.build/cmTC_86063.xcent --timestamp=none /Users/admin/Downloads/freetype2-master/cmakeProj/CMakeFiles/CMakeTmp/Debug/cmTC_86063

** BUILD SUCCEEDED **




Determining if the include file fcntl.h exists passed with the following output:
Change Dir: /Users/admin/Downloads/freetype2-master/cmakeProj/CMakeFiles/CMakeTmp

Run Build Command(s):/usr/bin/xcodebuild -project CMAKE_TRY_COMPILE.xcodeproj build -target cmTC_66c1f -configuration Debug -hideShellScriptEnvironment && User defaults from command line:
    HideShellScriptEnvironment = YES

Prepare build
note: Using legacy build system
=== BUILD TARGET cmTC_66c1f OF PROJECT CMAKE_TRY_COMPILE WITH CONFIGURATION Debug ===

Check dependencies

Write auxiliary files
/bin/mkdir -p /Users/admin/Downloads/freetype2-master/cmakeProj/CMakeFiles/CMakeTmp/CMAKE_TRY_COMPILE.build/Debug/cmTC_66c1f.build/Objects-normal/x86_64
write-file /Users/admin/Downloads/freetype2-master/cmakeProj/CMakeFiles/CMakeTmp/CMAKE_TRY_COMPILE.build/Debug/cmTC_66c1f.build/Objects-normal/x86_64/cmTC_66c1f.LinkFileList

CompileC CMAKE_TRY_COMPILE.build/Debug/cmTC_66c1f.build/Objects-normal/x86_64/CheckIncludeFile.o CheckIncludeFile.c normal x86_64 c com.apple.compilers.llvm.clang.1_0.compiler
    cd /Users/admin/Downloads/freetype2-master/cmakeProj/CMakeFiles/CMakeTmp
    /Applications/Xcode.app/Contents/Developer/Toolchains/XcodeDefault.xctoolchain/usr/bin/clang -x c -target x86_64-apple-macos10.15 -fmessage-length=0 -fdiagnostics-show-note-include-stack -fmacro-backtrace-limit=0 -Wno-trigraphs -fpascal-strings -O0 -Wno-missing-field-initializers -Wno-missing-prototypes -Wno-return-type -Wno-missing-braces -Wparentheses -Wswitch -Wno-unused-function -Wno-unused-label -Wno-unused-parameter -Wno-unused-variable -Wunused-value -Wno-empty-body -Wno-uninitialized -Wno-unknown-pragmas -Wno-shadow -Wno-four-char-constants -Wno-conversion -Wno-constant-conversion -Wno-int-conversion -Wno-bool-conversion -Wno-enum-conversion -Wno-float-conversion -Wno-non-literal-null-conversion -Wno-objc-literal-conversion -Wno-shorten-64-to-32 -Wpointer-sign -Wno-newline-eof -DCMAKE_INTDIR=\"Debug\" -isysroot /Applications/Xcode.app/Contents/Developer/Platforms/MacOSX.platform/Developer/SDKs/MacOSX10.15.sdk -fasm-blocks -fstrict-aliasing -Wdeprecated-declarations -g -Wno-sign-conversion -Wno-infinite-recursion -Wno-comma -Wno-block-capture-autoreleasing -Wno-strict-prototypes -Wno-semicolon-before-method-body -I/Users/admin/Downloads/freetype2-master/cmakeProj/CMakeFiles/CMakeTmp/Debug/include -I/Users/admin/Downloads/freetype2-master/cmakeProj/CMakeFiles/CMakeTmp/CMAKE_TRY_COMPILE.build/Debug/cmTC_66c1f.build/DerivedSources-normal/x86_64 -I/Users/admin/Downloads/freetype2-master/cmakeProj/CMakeFiles/CMakeTmp/CMAKE_TRY_COMPILE.build/Debug/cmTC_66c1f.build/DerivedSources/x86_64 -I/Users/admin/Downloads/freetype2-master/cmakeProj/CMakeFiles/CMakeTmp/CMAKE_TRY_COMPILE.build/Debug/cmTC_66c1f.build/DerivedSources -F/Users/admin/Downloads/freetype2-master/cmakeProj/CMakeFiles/CMakeTmp/Debug -MMD -MT dependencies -MF /Users/admin/Downloads/freetype2-master/cmakeProj/CMakeFiles/CMakeTmp/CMAKE_TRY_COMPILE.build/Debug/cmTC_66c1f.build/Objects-normal/x86_64/CheckIncludeFile.d --serialize-diagnostics /Users/admin/Downloads/freetype2-master/cmakeProj/CMakeFiles/CMakeTmp/CMAKE_TRY_COMPILE.build/Debug/cmTC_66c1f.build/Objects-normal/x86_64/CheckIncludeFile.dia -c /Users/admin/Downloads/freetype2-master/cmakeProj/CMakeFiles/CMakeTmp/CheckIncludeFile.c -o /Users/admin/Downloads/freetype2-master/cmakeProj/CMakeFiles/CMakeTmp/CMAKE_TRY_COMPILE.build/Debug/cmTC_66c1f.build/Objects-normal/x86_64/CheckIncludeFile.o

Ld Debug/cmTC_66c1f normal x86_64
    cd /Users/admin/Downloads/freetype2-master/cmakeProj/CMakeFiles/CMakeTmp
    /Applications/Xcode.app/Contents/Developer/Toolchains/XcodeDefault.xctoolchain/usr/bin/clang -target x86_64-apple-macos10.15 -isysroot /Applications/Xcode.app/Contents/Developer/Platforms/MacOSX.platform/Developer/SDKs/MacOSX10.15.sdk -L/Users/admin/Downloads/freetype2-master/cmakeProj/CMakeFiles/CMakeTmp/Debug -F/Users/admin/Downloads/freetype2-master/cmakeProj/CMakeFiles/CMakeTmp/Debug -filelist /Users/admin/Downloads/freetype2-master/cmakeProj/CMakeFiles/CMakeTmp/CMAKE_TRY_COMPILE.build/Debug/cmTC_66c1f.build/Objects-normal/x86_64/cmTC_66c1f.LinkFileList -Xlinker -object_path_lto -Xlinker /Users/admin/Downloads/freetype2-master/cmakeProj/CMakeFiles/CMakeTmp/CMAKE_TRY_COMPILE.build/Debug/cmTC_66c1f.build/Objects-normal/x86_64/cmTC_66c1f_lto.o -Xlinker -no_deduplicate -Wl,-search_paths_first -Wl,-headerpad_max_install_names -Xlinker -dependency_info -Xlinker /Users/admin/Downloads/freetype2-master/cmakeProj/CMakeFiles/CMakeTmp/CMAKE_TRY_COMPILE.build/Debug/cmTC_66c1f.build/Objects-normal/x86_64/cmTC_66c1f_dependency_info.dat -o /Users/admin/Downloads/freetype2-master/cmakeProj/CMakeFiles/CMakeTmp/Debug/cmTC_66c1f

ProcessProductPackaging "" CMAKE_TRY_COMPILE.build/Debug/cmTC_66c1f.build/cmTC_66c1f.xcent
    cd /Users/admin/Downloads/freetype2-master/cmakeProj/CMakeFiles/CMakeTmp
    

Entitlements:

{
    "com.apple.security.get-task-allow" = 1;
}


    builtin-productPackagingUtility -entitlements -format xml -o /Users/admin/Downloads/freetype2-master/cmakeProj/CMakeFiles/CMakeTmp/CMAKE_TRY_COMPILE.build/Debug/cmTC_66c1f.build/cmTC_66c1f.xcent

CodeSign Debug/cmTC_66c1f
    cd /Users/admin/Downloads/freetype2-master/cmakeProj/CMakeFiles/CMakeTmp
    
Signing Identity:     "-"

    /usr/bin/codesign --force --sign - --entitlements /Users/admin/Downloads/freetype2-master/cmakeProj/CMakeFiles/CMakeTmp/CMAKE_TRY_COMPILE.build/Debug/cmTC_66c1f.build/cmTC_66c1f.xcent --timestamp=none /Users/admin/Downloads/freetype2-master/cmakeProj/CMakeFiles/CMakeTmp/Debug/cmTC_66c1f

** BUILD SUCCEEDED **




Determining if the include file stdint.h exists passed with the following output:
Change Dir: /Users/admin/Downloads/freetype2-master/cmakeProj/CMakeFiles/CMakeTmp

Run Build Command(s):/usr/bin/xcodebuild -project CMAKE_TRY_COMPILE.xcodeproj build -target cmTC_31685 -configuration Debug -hideShellScriptEnvironment && User defaults from command line:
    HideShellScriptEnvironment = YES

Prepare build
note: Using legacy build system
=== BUILD TARGET cmTC_31685 OF PROJECT CMAKE_TRY_COMPILE WITH CONFIGURATION Debug ===

Check dependencies

Write auxiliary files
/bin/mkdir -p /Users/admin/Downloads/freetype2-master/cmakeProj/CMakeFiles/CMakeTmp/CMAKE_TRY_COMPILE.build/Debug/cmTC_31685.build/Objects-normal/x86_64
write-file /Users/admin/Downloads/freetype2-master/cmakeProj/CMakeFiles/CMakeTmp/CMAKE_TRY_COMPILE.build/Debug/cmTC_31685.build/Objects-normal/x86_64/cmTC_31685.LinkFileList

CompileC CMAKE_TRY_COMPILE.build/Debug/cmTC_31685.build/Objects-normal/x86_64/CheckIncludeFile.o CheckIncludeFile.c normal x86_64 c com.apple.compilers.llvm.clang.1_0.compiler
    cd /Users/admin/Downloads/freetype2-master/cmakeProj/CMakeFiles/CMakeTmp
    /Applications/Xcode.app/Contents/Developer/Toolchains/XcodeDefault.xctoolchain/usr/bin/clang -x c -target x86_64-apple-macos10.15 -fmessage-length=0 -fdiagnostics-show-note-include-stack -fmacro-backtrace-limit=0 -Wno-trigraphs -fpascal-strings -O0 -Wno-missing-field-initializers -Wno-missing-prototypes -Wno-return-type -Wno-missing-braces -Wparentheses -Wswitch -Wno-unused-function -Wno-unused-label -Wno-unused-parameter -Wno-unused-variable -Wunused-value -Wno-empty-body -Wno-uninitialized -Wno-unknown-pragmas -Wno-shadow -Wno-four-char-constants -Wno-conversion -Wno-constant-conversion -Wno-int-conversion -Wno-bool-conversion -Wno-enum-conversion -Wno-float-conversion -Wno-non-literal-null-conversion -Wno-objc-literal-conversion -Wno-shorten-64-to-32 -Wpointer-sign -Wno-newline-eof -DCMAKE_INTDIR=\"Debug\" -isysroot /Applications/Xcode.app/Contents/Developer/Platforms/MacOSX.platform/Developer/SDKs/MacOSX10.15.sdk -fasm-blocks -fstrict-aliasing -Wdeprecated-declarations -g -Wno-sign-conversion -Wno-infinite-recursion -Wno-comma -Wno-block-capture-autoreleasing -Wno-strict-prototypes -Wno-semicolon-before-method-body -I/Users/admin/Downloads/freetype2-master/cmakeProj/CMakeFiles/CMakeTmp/Debug/include -I/Users/admin/Downloads/freetype2-master/cmakeProj/CMakeFiles/CMakeTmp/CMAKE_TRY_COMPILE.build/Debug/cmTC_31685.build/DerivedSources-normal/x86_64 -I/Users/admin/Downloads/freetype2-master/cmakeProj/CMakeFiles/CMakeTmp/CMAKE_TRY_COMPILE.build/Debug/cmTC_31685.build/DerivedSources/x86_64 -I/Users/admin/Downloads/freetype2-master/cmakeProj/CMakeFiles/CMakeTmp/CMAKE_TRY_COMPILE.build/Debug/cmTC_31685.build/DerivedSources -F/Users/admin/Downloads/freetype2-master/cmakeProj/CMakeFiles/CMakeTmp/Debug -MMD -MT dependencies -MF /Users/admin/Downloads/freetype2-master/cmakeProj/CMakeFiles/CMakeTmp/CMAKE_TRY_COMPILE.build/Debug/cmTC_31685.build/Objects-normal/x86_64/CheckIncludeFile.d --serialize-diagnostics /Users/admin/Downloads/freetype2-master/cmakeProj/CMakeFiles/CMakeTmp/CMAKE_TRY_COMPILE.build/Debug/cmTC_31685.build/Objects-normal/x86_64/CheckIncludeFile.dia -c /Users/admin/Downloads/freetype2-master/cmakeProj/CMakeFiles/CMakeTmp/CheckIncludeFile.c -o /Users/admin/Downloads/freetype2-master/cmakeProj/CMakeFiles/CMakeTmp/CMAKE_TRY_COMPILE.build/Debug/cmTC_31685.build/Objects-normal/x86_64/CheckIncludeFile.o

Ld Debug/cmTC_31685 normal x86_64
    cd /Users/admin/Downloads/freetype2-master/cmakeProj/CMakeFiles/CMakeTmp
    /Applications/Xcode.app/Contents/Developer/Toolchains/XcodeDefault.xctoolchain/usr/bin/clang -target x86_64-apple-macos10.15 -isysroot /Applications/Xcode.app/Contents/Developer/Platforms/MacOSX.platform/Developer/SDKs/MacOSX10.15.sdk -L/Users/admin/Downloads/freetype2-master/cmakeProj/CMakeFiles/CMakeTmp/Debug -F/Users/admin/Downloads/freetype2-master/cmakeProj/CMakeFiles/CMakeTmp/Debug -filelist /Users/admin/Downloads/freetype2-master/cmakeProj/CMakeFiles/CMakeTmp/CMAKE_TRY_COMPILE.build/Debug/cmTC_31685.build/Objects-normal/x86_64/cmTC_31685.LinkFileList -Xlinker -object_path_lto -Xlinker /Users/admin/Downloads/freetype2-master/cmakeProj/CMakeFiles/CMakeTmp/CMAKE_TRY_COMPILE.build/Debug/cmTC_31685.build/Objects-normal/x86_64/cmTC_31685_lto.o -Xlinker -no_deduplicate -Wl,-search_paths_first -Wl,-headerpad_max_install_names -Xlinker -dependency_info -Xlinker /Users/admin/Downloads/freetype2-master/cmakeProj/CMakeFiles/CMakeTmp/CMAKE_TRY_COMPILE.build/Debug/cmTC_31685.build/Objects-normal/x86_64/cmTC_31685_dependency_info.dat -o /Users/admin/Downloads/freetype2-master/cmakeProj/CMakeFiles/CMakeTmp/Debug/cmTC_31685

ProcessProductPackaging "" CMAKE_TRY_COMPILE.build/Debug/cmTC_31685.build/cmTC_31685.xcent
    cd /Users/admin/Downloads/freetype2-master/cmakeProj/CMakeFiles/CMakeTmp
    

Entitlements:

{
    "com.apple.security.get-task-allow" = 1;
}


    builtin-productPackagingUtility -entitlements -format xml -o /Users/admin/Downloads/freetype2-master/cmakeProj/CMakeFiles/CMakeTmp/CMAKE_TRY_COMPILE.build/Debug/cmTC_31685.build/cmTC_31685.xcent

CodeSign Debug/cmTC_31685
    cd /Users/admin/Downloads/freetype2-master/cmakeProj/CMakeFiles/CMakeTmp
    
Signing Identity:     "-"

    /usr/bin/codesign --force --sign - --entitlements /Users/admin/Downloads/freetype2-master/cmakeProj/CMakeFiles/CMakeTmp/CMAKE_TRY_COMPILE.build/Debug/cmTC_31685.build/cmTC_31685.xcent --timestamp=none /Users/admin/Downloads/freetype2-master/cmakeProj/CMakeFiles/CMakeTmp/Debug/cmTC_31685

** BUILD SUCCEEDED **




